<?xml version="1.0" encoding="UTF-8"?>
<!-- Generated by org.testng.reporters.JUnitReportReporter -->
<testsuite hostname="IN-GKTZ9K3" failures="0" tests="4" name="Runner.RunnerClass" time="185.090" errors="0" timestamp="12 Nov 2022 12:05:07 GMT" skipped="0">
  <testcase classname="Runner.RunnerClass" name="feature" time="44.373"/>
  <testcase classname="Runner.RunnerClass" name="feature" time="70.665"/>
  <testcase classname="Runner.RunnerClass" name="feature" time="19.549"/>
  <testcase classname="Runner.RunnerClass" name="feature" time="50.503"/>
</testsuite> <!-- Runner.RunnerClass -->
