<?xml version="1.0" encoding="UTF-8"?>
<!-- Generated by org.testng.reporters.JUnitReportReporter -->
<testsuite hostname="IN-GKTZ9K3" failures="0" tests="3" name="Runner.RunnerClass" time="177.065" errors="0" timestamp="10 Nov 2022 15:21:26 GMT" skipped="0">
  <testcase classname="Runner.RunnerClass" name="feature" time="54.195"/>
  <testcase classname="Runner.RunnerClass" name="feature" time="51.051"/>
  <testcase classname="Runner.RunnerClass" name="feature" time="71.819"/>
</testsuite> <!-- Runner.RunnerClass -->
